<?xml version="1.0" encoding="UTF-8"?>
<!-- Generated by org.testng.reporters.JUnitXMLReporter -->
<testsuite ignored="0" hostname="DESKTOP-SV9CFRI" failures="0" tests="2" name="UploadTests" time="61.655" errors="0" timestamp="2023-08-31T15:37:32 IST">
  <testcase classname="com.herokuapp.theinternet.uploadtests.UploadTests" name="fileUploadTest" time="6.671"/>
  <testcase classname="com.herokuapp.theinternet.uploadtests.UploadTests" name="fileUploadTest" time="6.989"/>
</testsuite> <!-- UploadTests -->
