<?xml version="1.0" encoding="UTF-8"?>
<!-- Generated by org.testng.reporters.JUnitXMLReporter -->
<testsuite ignored="0" hostname="DESKTOP-SV9CFRI" failures="0" tests="2" name="KeyPressesTests-CH" time="72.797" errors="0" timestamp="2023-08-27T19:52:52 IST">
  <testcase classname="com.herokuapp.theinternet.keypressestests.KeyPressesTests" name="pressKeyTest" time="9.172"/>
  <testcase classname="com.herokuapp.theinternet.keypressestests.KeyPressesTests" name="pressKeyWithActionsTest" time="39.406"/>
</testsuite> <!-- KeyPressesTests-CH -->
