<?xml version="1.0" encoding="UTF-8"?>
<!-- Generated by org.testng.reporters.JUnitXMLReporter -->
<testsuite ignored="0" hostname="DESKTOP-SV9CFRI" failures="0" tests="5" name="NegativeLoginTests" time="140.395" errors="0" timestamp="2023-08-31T17:16:39 IST">
  <testcase classname="com.herokuapp.theinternet.loginpagetests.NegativeLoginTests" name="negativeLoginTest" time="17.438"/>
  <testcase classname="com.herokuapp.theinternet.loginpagetests.NegativeLoginTests" name="negativeLoginTest" time="7.977"/>
  <testcase classname="com.herokuapp.theinternet.loginpagetests.NegativeLoginTests" name="negativeLoginTest" time="7.184"/>
  <testcase classname="com.herokuapp.theinternet.loginpagetests.NegativeLoginTests" name="negativeLoginTest" time="10.664"/>
  <testcase classname="com.herokuapp.theinternet.loginpagetests.NegativeLoginTests" name="negativeLoginTest" time="7.94"/>
</testsuite> <!-- NegativeLoginTests -->
